# JRE version: OpenJDK Runtime Environment (8.0_76-b03) (build 1.8.0_76-release-b03)
# Java VM: OpenJDK 64-Bit Server VM (25.76-b03 mixed mode windows-amd64 compressed oops)
Heap:
 PSYoungGen      total 384512K, used 62427K [0x00000000e0000000, 0x00000000fbf00000, 0x0000000100000000)
  eden space 329216K, 18% used [0x00000000e0000000,0x00000000e3cf6ef0,0x00000000f4180000)
  from space 55296K, 0% used [0x00000000f4180000,0x00000000f4180000,0x00000000f7780000)
  to   space 51200K, 0% used [0x00000000f7780000,0x00000000f7780000,0x00000000fa980000)
 ParOldGen       total 200704K, used 96639K [0x00000000a0000000, 0x00000000ac400000, 0x00000000e0000000)
  object space 200704K, 48% used [0x00000000a0000000,0x00000000a5e5fde0,0x00000000ac400000)
 Metaspace       used 76770K, capacity 82480K, committed 88232K, reserved 1126400K
  class space    used 9656K, capacity 10510K, committed 11688K, reserved 1048576K
GC Heap History (10 events):
Event: 1945.782 GC heap before
{Heap before GC invocations=90 (full 31):
 PSYoungGen      total 384512K, used 329216K [0x00000000e0000000, 0x00000000fbf00000, 0x0000000100000000)
  eden space 329216K, 100% used [0x00000000e0000000,0x00000000f4180000,0x00000000f4180000)
  from space 55296K, 0% used [0x00000000f4180000,0x00000000f4180000,0x00000000f7780000)
  to   space 51200K, 0% used [0x00000000f7780000,0x00000000f7780000,0x00000000fa980000)
 ParOldGen       total 200704K, used 168941K [0x00000000a0000000, 0x00000000ac400000, 0x00000000e0000000)
  object space 200704K, 84% used [0x00000000a0000000,0x00000000aa4fb510,0x00000000ac400000)
 Metaspace       used 76550K, capacity 82220K, committed 88232K, reserved 1126400K
  class space    used 9631K, capacity 10457K, committed 11688K, reserved 1048576K
Event: 1946.163 GC heap after
Heap after GC invocations=90 (full 31):
 PSYoungGen      total 384512K, used 0K [0x00000000e0000000, 0x00000000fbf00000, 0x0000000100000000)
  eden space 329216K, 0% used [0x00000000e0000000,0x00000000e0000000,0x00000000f4180000)
  from space 55296K, 0% used [0x00000000f4180000,0x00000000f4180000,0x00000000f7780000)
  to   space 51200K, 0% used [0x00000000f7780000,0x00000000f7780000,0x00000000fa980000)
 ParOldGen       total 200704K, used 176750K [0x00000000a0000000, 0x00000000ac400000, 0x00000000e0000000)
  object space 200704K, 88% used [0x00000000a0000000,0x00000000aac9bb10,0x00000000ac400000)
 Metaspace       used 76550K, capacity 82220K, committed 88232K, reserved 1126400K
  class space    used 9631K, capacity 10457K, committed 11688K, reserved 1048576K
}
Event: 1946.565 GC heap before
{Heap before GC invocations=91 (full 32):
 PSYoungGen      total 384512K, used 329216K [0x00000000e0000000, 0x00000000fbf00000, 0x0000000100000000)
  eden space 329216K, 100% used [0x00000000e0000000,0x00000000f4180000,0x00000000f4180000)
  from space 55296K, 0% used [0x00000000f4180000,0x00000000f4180000,0x00000000f7780000)
  to   space 51200K, 0% used [0x00000000f7780000,0x00000000f7780000,0x00000000fa980000)
 ParOldGen       total 200704K, used 176750K [0x00000000a0000000, 0x00000000ac400000, 0x00000000e0000000)
  object space 200704K, 88% used [0x00000000a0000000,0x00000000aac9bb10,0x00000000ac400000)
 Metaspace       used 76551K, capacity 82220K, committed 88232K, reserved 1126400K
  class space    used 9631K, capacity 10457K, committed 11688K, reserved 1048576K
Event: 1946.989 GC heap after
Heap after GC invocations=91 (full 32):
 PSYoungGen      total 384512K, used 0K [0x00000000e0000000, 0x00000000fbf00000, 0x0000000100000000)
  eden space 329216K, 0% used [0x00000000e0000000,0x00000000e0000000,0x00000000f4180000)
  from space 55296K, 0% used [0x00000000f4180000,0x00000000f4180000,0x00000000f7780000)
  to   space 51200K, 0% used [0x00000000f7780000,0x00000000f7780000,0x00000000fa980000)
 ParOldGen       total 200704K, used 163721K [0x00000000a0000000, 0x00000000ac400000, 0x00000000e0000000)
  object space 200704K, 81% used [0x00000000a0000000,0x00000000a9fe2728,0x00000000ac400000)
 Metaspace       used 76551K, capacity 82220K, committed 88232K, reserved 1126400K
  class space    used 9631K, capacity 10457K, committed 11688K, reserved 1048576K
}
Event: 1947.303 GC heap before
{Heap before GC invocations=92 (full 33):
 PSYoungGen      total 384512K, used 329216K [0x00000000e0000000, 0x00000000fbf00000, 0x0000000100000000)
  eden space 329216K, 100% used [0x00000000e0000000,0x00000000f4180000,0x00000000f4180000)
  from space 55296K, 0% used [0x00000000f4180000,0x00000000f4180000,0x00000000f7780000)
  to   space 51200K, 0% used [0x00000000f7780000,0x00000000f7780000,0x00000000fa980000)
 ParOldGen       total 200704K, used 163721K [0x00000000a0000000, 0x00000000ac400000, 0x00000000e0000000)
  object space 200704K, 81% used [0x00000000a0000000,0x00000000a9fe2728,0x00000000ac400000)
 Metaspace       used 76554K, capacity 82220K, committed 88232K, reserved 1126400K
  class space    used 9631K, capacity 10457K, committed 11688K, reserved 1048576K
Event: 1947.787 GC heap after
Heap after GC invocations=92 (full 33):
 PSYoungGen      total 384512K, used 0K [0x00000000e0000000, 0x00000000fbf00000, 0x0000000100000000)
  eden space 329216K, 0% used [0x00000000e0000000,0x00000000e0000000,0x00000000f4180000)
  from space 55296K, 0% used [0x00000000f4180000,0x00000000f4180000,0x00000000f7780000)
  to   space 51200K, 0% used [0x00000000f7780000,0x00000000f7780000,0x00000000fa980000)
 ParOldGen       total 200704K, used 200467K [0x00000000a0000000, 0x00000000ac400000, 0x00000000e0000000)
  object space 200704K, 99% used [0x00000000a0000000,0x00000000ac3c4d10,0x00000000ac400000)
 Metaspace       used 76554K, capacity 82220K, committed 88232K, reserved 1126400K
  class space    used 9631K, capacity 10457K, committed 11688K, reserved 1048576K
}
Event: 1948.415 GC heap before
{Heap before GC invocations=93 (full 34):
 PSYoungGen      total 384512K, used 329216K [0x00000000e0000000, 0x00000000fbf00000, 0x0000000100000000)
  eden space 329216K, 100% used [0x00000000e0000000,0x00000000f4180000,0x00000000f4180000)
  from space 55296K, 0% used [0x00000000f4180000,0x00000000f4180000,0x00000000f7780000)
  to   space 51200K, 0% used [0x00000000f7780000,0x00000000f7780000,0x00000000fa980000)
 ParOldGen       total 200704K, used 200467K [0x00000000a0000000, 0x00000000ac400000, 0x00000000e0000000)
  object space 200704K, 99% used [0x00000000a0000000,0x00000000ac3c4d10,0x00000000ac400000)
 Metaspace       used 76555K, capacity 82220K, committed 88232K, reserved 1126400K
  class space    used 9631K, capacity 10457K, committed 11688K, reserved 1048576K
Event: 1948.913 GC heap after
Heap after GC invocations=93 (full 34):
 PSYoungGen      total 384512K, used 0K [0x00000000e0000000, 0x00000000fbf00000, 0x0000000100000000)
  eden space 329216K, 0% used [0x00000000e0000000,0x00000000e0000000,0x00000000f4180000)
  from space 55296K, 0% used [0x00000000f4180000,0x00000000f4180000,0x00000000f7780000)
  to   space 51200K, 0% used [0x00000000f7780000,0x00000000f7780000,0x00000000fa980000)
 ParOldGen       total 200704K, used 197178K [0x00000000a0000000, 0x00000000ac400000, 0x00000000e0000000)
  object space 200704K, 98% used [0x00000000a0000000,0x00000000ac08ebc8,0x00000000ac400000)
 Metaspace       used 76555K, capacity 82220K, committed 88232K, reserved 1126400K
  class space    used 9631K, capacity 10457K, committed 11688K, reserved 1048576K
}
Event: 1952.161 GC heap before
{Heap before GC invocations=94 (full 35):
 PSYoungGen      total 384512K, used 221282K [0x00000000e0000000, 0x00000000fbf00000, 0x0000000100000000)
  eden space 329216K, 67% used [0x00000000e0000000,0x00000000ed818a88,0x00000000f4180000)
  from space 55296K, 0% used [0x00000000f4180000,0x00000000f4180000,0x00000000f7780000)
  to   space 51200K, 0% used [0x00000000f7780000,0x00000000f7780000,0x00000000fa980000)
 ParOldGen       total 200704K, used 197178K [0x00000000a0000000, 0x00000000ac400000, 0x00000000e0000000)
  object space 200704K, 98% used [0x00000000a0000000,0x00000000ac08ebc8,0x00000000ac400000)
 Metaspace       used 76685K, capacity 82318K, committed 88232K, reserved 1126400K
  class space    used 9642K, capacity 10490K, committed 11688K, reserved 1048576K
Event: 1952.480 GC heap after
Heap after GC invocations=94 (full 35):
 PSYoungGen      total 384512K, used 0K [0x00000000e0000000, 0x00000000fbf00000, 0x0000000100000000)
  eden space 329216K, 0% used [0x00000000e0000000,0x00000000e0000000,0x00000000f4180000)
  from space 55296K, 0% used [0x00000000f4180000,0x00000000f4180000,0x00000000f7780000)
  to   space 51200K, 0% used [0x00000000f7780000,0x00000000f7780000,0x00000000fa980000)
 ParOldGen       total 200704K, used 96639K [0x00000000a0000000, 0x00000000ac400000, 0x00000000e0000000)
  object space 200704K, 48% used [0x00000000a0000000,0x00000000a5e5fde0,0x00000000ac400000)
 Metaspace       used 76685K, capacity 82318K, committed 88232K, reserved 1126400K
  class space    used 9642K, capacity 10490K, committed 11688K, reserved 1048576K
}

